#
# A fatal error has been detected by the Java Runtime Environment:
#
#  SIGSEGV (0xb) at pc=0x00007fff8cc3f0dd, pid=34124, tid=1811
#
# JRE version: Java(TM) SE Runtime Environment (8.0_20-b26) (build 1.8.0_20-b26)
# Java VM: Java HotSpot(TM) 64-Bit Server VM (25.20-b23 mixed mode bsd-amd64 compressed oops)
# Problematic frame:
# C  [libobjc.A.dylib+0x10dd]  objc_msgSend+0x1d
#
# Failed to write core dump. Core dumps have been disabled. To enable core dumping, try "ulimit -c unlimited" before starting Java again
#
# If you would like to submit a bug report, please visit:
#   http://bugreport.sun.com/bugreport/crash.jsp
# The crash happened outside the Java Virtual Machine in native code.
# See problematic frame for where to report the bug.
#

---------------  T H R E A D  ---------------

Current thread (0x00007fba9c8c4000):  JavaThread "AppKit Thread" daemon [_thread_in_native, id=1811, stack(0x00007fff5d249000,0x00007fff5da49000)]

siginfo: si_signo: 11 (SIGSEGV), si_code: 1 (SEGV_MAPERR), si_addr: 0x0000000000000018

Registers:
RAX=0x00007fba9be6a3e0, RBX=0x00007fff5da434a8, RCX=0x0000000000000000, RDX=0x00007fba9be69cb0
RSP=0x00007fff5da432c8, RBP=0x00007fff5da432d0, RSI=0x00007fff88afa41e, RDI=0x00007fba9be6a3e0
R8 =0x00007fff5da432b0, R9 =0x0000000000000054, R10=0x00007fff88afa41e, R11=0x0000000000000000
R12=0x00007fba9da0f190, R13=0x00000000000f42ec, R14=0x00007fba9be8aee0, R15=0x00007fff5da43408
RIP=0x00007fff8cc3f0dd, EFLAGS=0x0000000000010246, ERR=0x0000000000000004
  TRAPNO=0x000000000000000e

Top of Stack: (sp=0x00007fff5da432c8)
0x00007fff5da432c8:   00007fff84f0c45c 00007fff5da43630
0x00007fff5da432d8:   00007fff84dfc634 00007fff5da4335c
0x00007fff5da432e8:   00007fff5da43360 00007fff5da43364
0x00007fff5da432f8:   00007fff767ede00 ffffffffffffffff
0x00007fff5da43308:   00000000000007e0 00007fff767ede18
0x00007fff5da43318:   00007fba9be8aee0 0000000000000000
0x00007fff5da43328:   00007fff5da43400 0000000000000000
0x00007fff5da43338:   00007fba9be6ec90 00007fff5da43480
0x00007fff5da43348:   0000000000000054 00000000000f42ee
0x00007fff5da43358:   00007fba9be69cb0 00007fba9be6e6c0
0x00007fff5da43368:   00007fba9da0f190 0000000000000001
0x00007fff5da43378:   00000000000f42ec 00007fba9da0f180
0x00007fff5da43388:   00007fff91aa0c05 000000019db2ad30
0x00007fff5da43398:   00007fff758d80d0 0000000042000000
0x00007fff5da433a8:   00007fff91aa7e63 00007fff767b8240
0x00007fff5da433b8:   00007fff5da43488 00007fff5da433e0
0x00007fff5da433c8:   00007fff5da43400 0000000000000000
0x00007fff5da433d8:   000000000000001c 0003ec0300000001
0x00007fff5da433e8:   00007fba9da0f1b4 0000000000000000
0x00007fff5da433f8:   0000000000000000 00007fba9be6ed10
0x00007fff5da43408:   00007fba9be8aee0 0000002000000000
0x00007fff5da43418:   0000000000000000 00007fff758d80d0
0x00007fff5da43428:   0000000042000000 00007fff91aa74f8
0x00007fff5da43438:   00007fff767b8350 00007fff5da43398
0x00007fff5da43448:   0000000000000000 00007fff5da43518
0x00007fff5da43458:   00007fff750bfea0 00007fff5da43550
0x00007fff5da43468:   00007fff8f850770 00007fff5da43500
0x00007fff5da43478:   00007fff8822e4ed 0000000000000050
0x00007fff5da43488:   0000000000000000 00000000000f42de
0x00007fff5da43498:   0000000000000052 0000000000000000
0x00007fff5da434a8:   00000000000f42ec 00007fff5da43524
0x00007fff5da434b8:   00000000003e9a01 00000000ffffffff 

Instructions: (pc=0x00007fff8cc3f0dd)
0x00007fff8cc3f0bd:   00 00 00 48 85 ff 2e 74 7a 40 f6 c7 01 2e 75 7e
0x00007fff8cc3f0cd:   49 bb f8 ff ff ff ff 7f 00 00 4c 23 1f 49 89 f2
0x00007fff8cc3f0dd:   45 23 53 18 49 c1 e2 04 4d 03 53 10 49 3b 32 75
0x00007fff8cc3f0ed:   04 41 ff 62 08 49 83 3a 00 74 6a 4d 3b 53 10 74 

Register to memory mapping:

RAX=0x00007fba9be6a3e0 is an unknown value
RBX=0x00007fff5da434a8 is pointing into the stack for thread: 0x00007fba9c8c4000
RCX=0x0000000000000000 is an unknown value
RDX=0x00007fba9be69cb0 is an unknown value
RSP=0x00007fff5da432c8 is pointing into the stack for thread: 0x00007fba9c8c4000
RBP=0x00007fff5da432d0 is pointing into the stack for thread: 0x00007fba9c8c4000
RSI=0x00007fff88afa41e: -[NSTitlebarContainerView transparent]+0x5e312 in /System/Library/Frameworks/AppKit.framework/Versions/C/AppKit at 0x00007fff880f9000
RDI=0x00007fba9be6a3e0 is an unknown value
R8 =0x00007fff5da432b0 is pointing into the stack for thread: 0x00007fba9c8c4000
R9 =0x0000000000000054 is an unknown value
R10=0x00007fff88afa41e: -[NSTitlebarContainerView transparent]+0x5e312 in /System/Library/Frameworks/AppKit.framework/Versions/C/AppKit at 0x00007fff880f9000
R11=0x0000000000000000 is an unknown value
R12=0x00007fba9da0f190 is an unknown value
R13=0x00000000000f42ec is an unknown value
R14=0x00007fba9be8aee0 is an unknown value
R15=0x00007fff5da43408 is pointing into the stack for thread: 0x00007fba9c8c4000


Stack: [0x00007fff5d249000,0x00007fff5da49000],  sp=0x00007fff5da432c8,  free space=8168k
Native frames: (J=compiled Java code, j=interpreted, Vv=VM code, C=native code)
C  [libobjc.A.dylib+0x10dd]  objc_msgSend+0x1d
C  [CoreFoundation+0x10634]  _CFXNotificationPost+0xc44
C  [Foundation+0x7aa1]  -[NSNotificationCenter postNotificationName:object:userInfo:]+0x42
C  [AppKit+0x439c2]  -[NSSurface _disposeSurface]+0x98
C  [AppKit+0x43426]  -[NSSurface setWindow:]+0x42
C  [AppKit+0x33910]  -[NSView _setWindow:]+0xa33
C  [AppKit+0x6af91]  -[NSView removeFromSuperview]+0x1c5
C  [AppKit+0x14bd99]  -[NSView removeFromSuperviewWithoutNeedingDisplay]+0x26
C  [liblwjgl.dylib+0xa205]  +[MacOSXKeyableWindow destroyWindow]+0xb5
C  [Foundation+0x92dd0]  __NSThreadPerformPerform+0x125
C  [CoreFoundation+0x80a01]  __CFRUNLOOP_IS_CALLING_OUT_TO_A_SOURCE0_PERFORM_FUNCTION__+0x11
C  [CoreFoundation+0x72b8d]  __CFRunLoopDoSources0+0x10d
C  [CoreFoundation+0x721bf]  __CFRunLoopRun+0x39f
C  [CoreFoundation+0x71bd8]  CFRunLoopRunSpecific+0x128
C  [HIToolbox+0x3256f]  RunCurrentEventLoopInMode+0xeb
C  [HIToolbox+0x322ea]  ReceiveNextEventCommon+0x1af
C  [HIToolbox+0x3212b]  _BlockUntilNextEventMatchingListInModeWithFilter+0x47
C  [AppKit+0x918ab]  _DPSNextEvent+0x3d2
C  [AppKit+0x90e58]  -[NSApplication nextEventMatchingMask:untilDate:inMode:dequeue:]+0x15a
C  [libosxapp.dylib+0x242a]  -[NSApplicationAWT nextEventMatchingMask:untilDate:inMode:dequeue:]+0x7c
C  [AppKit+0x86af3]  -[NSApplication run]+0x252
C  [libosxapp.dylib+0x223e]  +[NSApplicationAWT runAWTLoopWithApp:]+0x9c
C  [libawt_lwawt.dylib+0x4494f]  -[AWTStarter starter:]+0x389
C  [Foundation+0x92dd0]  __NSThreadPerformPerform+0x125
C  [CoreFoundation+0x80a01]  __CFRUNLOOP_IS_CALLING_OUT_TO_A_SOURCE0_PERFORM_FUNCTION__+0x11
C  [CoreFoundation+0x72b8d]  __CFRunLoopDoSources0+0x10d
C  [CoreFoundation+0x721bf]  __CFRunLoopRun+0x39f
C  [CoreFoundation+0x71bd8]  CFRunLoopRunSpecific+0x128
C  [java+0x56cc]  CreateExecutionEnvironment+0x367
C  [java+0x165c]  JLI_Launch+0x7a0
C  [java+0x768a]  main+0x65
C  [java+0xeb4]  start+0x34
C  0x0000000000000008


---------------  P R O C E S S  ---------------

Java Threads: ( => current thread )
  0x00007fba9d097000 JavaThread "DestroyJavaVM" [_thread_blocked, id=4867, stack(0x00000001022cd000,0x00000001023cd000)]
  0x00007fba9d0c0800 JavaThread "LWJGL Application" [_thread_in_native, id=67587, stack(0x0000000126d35000,0x0000000126e35000)]
  0x00007fba9d083800 JavaThread "AWT-Shutdown" [_thread_blocked, id=30483, stack(0x00000001238f8000,0x00000001239f8000)]
=>0x00007fba9c8c4000 JavaThread "AppKit Thread" daemon [_thread_in_native, id=1811, stack(0x00007fff5d249000,0x00007fff5da49000)]
  0x00007fba9d04a000 JavaThread "Service Thread" daemon [_thread_blocked, id=20739, stack(0x0000000121d46000,0x0000000121e46000)]
  0x00007fba9d03f800 JavaThread "C1 CompilerThread3" daemon [_thread_blocked, id=20227, stack(0x0000000121c43000,0x0000000121d43000)]
  0x00007fba9d03e800 JavaThread "C2 CompilerThread2" daemon [_thread_blocked, id=19715, stack(0x0000000121b40000,0x0000000121c40000)]
  0x00007fba9d03e000 JavaThread "C2 CompilerThread1" daemon [_thread_blocked, id=19203, stack(0x0000000121a3d000,0x0000000121b3d000)]
  0x00007fba9d032000 JavaThread "C2 CompilerThread0" daemon [_thread_blocked, id=18691, stack(0x000000012193a000,0x0000000121a3a000)]
  0x00007fba9d031000 JavaThread "Signal Dispatcher" daemon [_thread_blocked, id=14859, stack(0x0000000121837000,0x0000000121937000)]
  0x00007fba9e809000 JavaThread "Finalizer" daemon [_thread_blocked, id=13571, stack(0x000000011fe20000,0x000000011ff20000)]
  0x00007fba9c80c000 JavaThread "Reference Handler" daemon [_thread_blocked, id=13059, stack(0x000000011fd1d000,0x000000011fe1d000)]

Other Threads:
  0x00007fba9e806000 VMThread [stack: 0x000000011fc1a000,0x000000011fd1a000] [id=12547]
  0x00007fba9e81b000 WatcherThread [stack: 0x0000000121e49000,0x0000000121f49000] [id=21251]

VM state:not at safepoint (normal execution)

VM Mutex/Monitor currently owned by a thread: None

Heap:
 PSYoungGen      total 76288K, used 19700K [0x000000076ab00000, 0x0000000770000000, 0x00000007c0000000)
  eden space 65536K, 30% used [0x000000076ab00000,0x000000076be3d040,0x000000076eb00000)
  from space 10752K, 0% used [0x000000076f580000,0x000000076f580000,0x0000000770000000)
  to   space 10752K, 0% used [0x000000076eb00000,0x000000076eb00000,0x000000076f580000)
 ParOldGen       total 175104K, used 0K [0x00000006c0000000, 0x00000006cab00000, 0x000000076ab00000)
  object space 175104K, 0% used [0x00000006c0000000,0x00000006c0000000,0x00000006cab00000)
 Metaspace       used 8102K, capacity 8205K, committed 8320K, reserved 1056768K
  class space    used 774K, capacity 821K, committed 896K, reserved 1048576K

Card table byte_map: [0x000000011370f000,0x0000000113f10000] byte_map_base: 0x000000011010f000

Marking Bits: (ParMarkBitMap*) 0x0000000103c9c330
 Begin Bits: [0x0000000114c7e000, 0x0000000118c7e000)
 End Bits:   [0x0000000118c7e000, 0x000000011cc7e000)

Polling page: 0x00000001023dd000

CodeCache: size=245760Kb used=3437Kb max_used=3448Kb free=242322Kb
 bounds [0x000000010434f000, 0x00000001046bf000, 0x000000011334f000]
 total_blobs=1407 nmethods=939 adapters=383
 compilation: enabled

Compilation events (10 events):
Event: 23.150 Thread 0x00007fba9d03f800  935       3       java.nio.HeapByteBuffer::putLong (21 bytes)
Event: 23.150 Thread 0x00007fba9d03f800 nmethod 935 0x00000001046a4c10 code [0x00000001046a4da0, 0x00000001046a5168]
Event: 23.150 Thread 0x00007fba9d03f800  936       3       java.nio.Bits::putLong (21 bytes)
Event: 23.150 Thread 0x00007fba9d03f800 nmethod 936 0x00000001046a47d0 code [0x00000001046a4940, 0x00000001046a4b38]
Event: 23.183 Thread 0x00007fba9d03f800  937       3       java.nio.HeapByteBuffer::getLong (19 bytes)
Event: 23.183 Thread 0x00007fba9d03f800 nmethod 937 0x00000001046abf90 code [0x00000001046ac140, 0x00000001046ac4e8]
Event: 23.183 Thread 0x00007fba9d03f800  938       3       java.nio.Bits::getLong (18 bytes)
Event: 23.183 Thread 0x00007fba9d03f800 nmethod 938 0x00000001046abb50 code [0x00000001046abcc0, 0x00000001046abeb8]
Event: 23.660 Thread 0x00007fba9d03e000  939       4       java.nio.DirectByteBuffer::put (18 bytes)
Event: 23.661 Thread 0x00007fba9d03e000 nmethod 939 0x00000001046ab8d0 code [0x00000001046aba20, 0x00000001046abab8]

GC Heap History (0 events):
No events

Deoptimization events (0 events):
No events

Internal exceptions (10 events):
Event: 0.604 Thread 0x00007fba9d0c0800 Exception <a 'java/security/PrivilegedActionException'> (0x000000076bb6a1e8) thrown at [/HUDSON3/workspace/8-2-build-macosx-x86_64/jdk8u20/1074/hotspot/src/share/vm/prims/jvm.cpp, line 1275]
Event: 0.618 Thread 0x00007fba9d0c0800 Exception <a 'java/security/PrivilegedActionException'> (0x000000076bb7e9b0) thrown at [/HUDSON3/workspace/8-2-build-macosx-x86_64/jdk8u20/1074/hotspot/src/share/vm/prims/jvm.cpp, line 1275]
Event: 0.620 Thread 0x00007fba9d0c0800 Exception <a 'java/security/PrivilegedActionException'> (0x000000076bb84470) thrown at [/HUDSON3/workspace/8-2-build-macosx-x86_64/jdk8u20/1074/hotspot/src/share/vm/prims/jvm.cpp, line 1275]
Event: 0.631 Thread 0x00007fba9d0c0800 Exception <a 'java/security/PrivilegedActionException'> (0x000000076bb89f80) thrown at [/HUDSON3/workspace/8-2-build-macosx-x86_64/jdk8u20/1074/hotspot/src/share/vm/prims/jvm.cpp, line 1275]
Event: 0.632 Thread 0x00007fba9d0c0800 Exception <a 'java/security/PrivilegedActionException'> (0x000000076bb8f468) thrown at [/HUDSON3/workspace/8-2-build-macosx-x86_64/jdk8u20/1074/hotspot/src/share/vm/prims/jvm.cpp, line 1275]
Event: 0.646 Thread 0x00007fba9d0c0800 Exception <a 'java/security/PrivilegedActionException'> (0x000000076bb94bc8) thrown at [/HUDSON3/workspace/8-2-build-macosx-x86_64/jdk8u20/1074/hotspot/src/share/vm/prims/jvm.cpp, line 1275]
Event: 0.646 Thread 0x00007fba9d0c0800 Exception <a 'java/security/PrivilegedActionException'> (0x000000076bb98c80) thrown at [/HUDSON3/workspace/8-2-build-macosx-x86_64/jdk8u20/1074/hotspot/src/share/vm/prims/jvm.cpp, line 1275]
Event: 1.445 Thread 0x00007fba9d0c0800 Exception <a 'java/security/PrivilegedActionException'> (0x000000076bba7b50) thrown at [/HUDSON3/workspace/8-2-build-macosx-x86_64/jdk8u20/1074/hotspot/src/share/vm/prims/jvm.cpp, line 1275]
Event: 23.632 Thread 0x00007fba9d0c0800 Exception <a 'java/security/PrivilegedActionException'> (0x000000076bcfaa08) thrown at [/HUDSON3/workspace/8-2-build-macosx-x86_64/jdk8u20/1074/hotspot/src/share/vm/prims/jvm.cpp, line 1275]
Event: 23.659 Thread 0x00007fba9d0c0800 Exception <a 'java/security/PrivilegedActionException'> (0x000000076bcff208) thrown at [/HUDSON3/workspace/8-2-build-macosx-x86_64/jdk8u20/1074/hotspot/src/share/vm/prims/jvm.cpp, line 1275]

Events (10 events):
Event: 0.646 loading class com/badlogic/gdx/utils/Pool$Poolable
Event: 0.646 loading class com/badlogic/gdx/utils/Pool$Poolable done
Event: 1.445 loading class com/badlogic/gdx/backends/lwjgl/LwjglInput$KeyEvent
Event: 1.445 loading class com/badlogic/gdx/backends/lwjgl/LwjglInput$KeyEvent done
Event: 4.094 Executing VM operation: EnableBiasedLocking
Event: 4.094 Executing VM operation: EnableBiasedLocking done
Event: 23.632 loading class com/badlogic/gdx/backends/lwjgl/LwjglApplication$2
Event: 23.632 loading class com/badlogic/gdx/backends/lwjgl/LwjglApplication$2 done
Event: 23.659 loading class org/lwjgl/opengl/CallbackUtil
Event: 23.659 loading class org/lwjgl/opengl/CallbackUtil done


Dynamic libraries:
0x0000000004617000 	/System/Library/Frameworks/Cocoa.framework/Versions/A/Cocoa
0x0000000004617000 	/System/Library/Frameworks/Security.framework/Versions/A/Security
0x0000000004617000 	/System/Library/Frameworks/ApplicationServices.framework/Versions/A/ApplicationServices
0x0000000004617000 	/usr/lib/libz.1.dylib
0x0000000004617000 	/usr/lib/libSystem.B.dylib
0x0000000004617000 	/usr/lib/libobjc.A.dylib
0x0000000004617000 	/System/Library/Frameworks/CoreFoundation.framework/Versions/A/CoreFoundation
0x0000000004617000 	/System/Library/Frameworks/Foundation.framework/Versions/C/Foundation
0x0000000004617000 	/System/Library/Frameworks/AppKit.framework/Versions/C/AppKit
0x0000000004617000 	/System/Library/Frameworks/CoreData.framework/Versions/A/CoreData
0x0000000004617000 	/System/Library/PrivateFrameworks/RemoteViewServices.framework/Versions/A/RemoteViewServices
0x0000000004617000 	/System/Library/PrivateFrameworks/UIFoundation.framework/Versions/A/UIFoundation
0x0000000004617000 	/System/Library/Frameworks/IOSurface.framework/Versions/A/IOSurface
0x0000000004617000 	/System/Library/Frameworks/AudioToolbox.framework/Versions/A/AudioToolbox
0x0000000004617000 	/System/Library/Frameworks/AudioUnit.framework/Versions/A/AudioUnit
0x0000000004617000 	/System/Library/PrivateFrameworks/DataDetectorsCore.framework/Versions/A/DataDetectorsCore
0x0000000004617000 	/System/Library/PrivateFrameworks/DesktopServicesPriv.framework/Versions/A/DesktopServicesPriv
0x0000000004617000 	/System/Library/Frameworks/Carbon.framework/Versions/A/Frameworks/HIToolbox.framework/Versions/A/HIToolbox
0x0000000004617000 	/System/Library/Frameworks/QuartzCore.framework/Versions/A/QuartzCore
0x0000000004617000 	/System/Library/Frameworks/Carbon.framework/Versions/A/Frameworks/SpeechRecognition.framework/Versions/A/SpeechRecognition
0x0000000004617000 	/usr/lib/libauto.dylib
0x0000000004617000 	/usr/lib/libicucore.A.dylib
0x0000000004617000 	/usr/lib/libxml2.2.dylib
0x0000000004617000 	/System/Library/PrivateFrameworks/CoreUI.framework/Versions/A/CoreUI
0x0000000004617000 	/System/Library/Frameworks/CoreAudio.framework/Versions/A/CoreAudio
0x0000000004617000 	/System/Library/Frameworks/DiskArbitration.framework/Versions/A/DiskArbitration
0x0000000004617000 	/usr/lib/liblangid.dylib
0x0000000004617000 	/System/Library/PrivateFrameworks/MultitouchSupport.framework/Versions/A/MultitouchSupport
0x0000000004617000 	/System/Library/Frameworks/IOKit.framework/Versions/A/IOKit
0x0000000004617000 	/usr/lib/libDiagnosticMessagesClient.dylib
0x0000000004617000 	/System/Library/Frameworks/CoreServices.framework/Versions/A/CoreServices
0x0000000004617000 	/System/Library/PrivateFrameworks/PerformanceAnalysis.framework/Versions/A/PerformanceAnalysis
0x0000000004617000 	/System/Library/PrivateFrameworks/GenerationalStorage.framework/Versions/A/GenerationalStorage
0x0000000004617000 	/System/Library/Frameworks/OpenGL.framework/Versions/A/OpenGL
0x0000000004617000 	/System/Library/PrivateFrameworks/Sharing.framework/Versions/A/Sharing
0x0000000004617000 	/System/Library/Frameworks/CoreGraphics.framework/Versions/A/CoreGraphics
0x0000000004617000 	/System/Library/Frameworks/CoreText.framework/Versions/A/CoreText
0x0000000004617000 	/System/Library/Frameworks/ImageIO.framework/Versions/A/ImageIO
0x0000000004617000 	/usr/lib/libextension.dylib
0x0000000004617000 	/System/Library/PrivateFrameworks/Backup.framework/Versions/A/Backup
0x0000000004617000 	/usr/lib/libarchive.2.dylib
0x0000000004617000 	/System/Library/Frameworks/CFNetwork.framework/Versions/A/CFNetwork
0x0000000004617000 	/System/Library/Frameworks/SystemConfiguration.framework/Versions/A/SystemConfiguration
0x0000000004617000 	/usr/lib/libCRFSuite.dylib
0x0000000004617000 	/usr/lib/libc++.1.dylib
0x0000000004617000 	/usr/lib/libc++abi.dylib
0x0000000004617000 	/usr/lib/system/libcache.dylib
0x0000000004617000 	/usr/lib/system/libcommonCrypto.dylib
0x0000000004617000 	/usr/lib/system/libcompiler_rt.dylib
0x0000000004617000 	/usr/lib/system/libcopyfile.dylib
0x0000000004617000 	/usr/lib/system/libcorecrypto.dylib
0x0000000004617000 	/usr/lib/system/libdispatch.dylib
0x0000000004617000 	/usr/lib/system/libdyld.dylib
0x0000000004617000 	/usr/lib/system/libkeymgr.dylib
0x0000000004617000 	/usr/lib/system/liblaunch.dylib
0x0000000004617000 	/usr/lib/system/libmacho.dylib
0x0000000004617000 	/usr/lib/system/libquarantine.dylib
0x0000000004617000 	/usr/lib/system/libremovefile.dylib
0x0000000004617000 	/usr/lib/system/libsystem_asl.dylib
0x0000000004617000 	/usr/lib/system/libsystem_blocks.dylib
0x0000000004617000 	/usr/lib/system/libsystem_c.dylib
0x0000000004617000 	/usr/lib/system/libsystem_configuration.dylib
0x0000000004617000 	/usr/lib/system/libsystem_coreservices.dylib
0x0000000004617000 	/usr/lib/system/libsystem_coretls.dylib
0x0000000004617000 	/usr/lib/system/libsystem_dnssd.dylib
0x0000000004617000 	/usr/lib/system/libsystem_info.dylib
0x0000000004617000 	/usr/lib/system/libsystem_kernel.dylib
0x0000000004617000 	/usr/lib/system/libsystem_m.dylib
0x0000000004617000 	/usr/lib/system/libsystem_malloc.dylib
0x0000000004617000 	/usr/lib/system/libsystem_network.dylib
0x0000000004617000 	/usr/lib/system/libsystem_networkextension.dylib
0x0000000004617000 	/usr/lib/system/libsystem_notify.dylib
0x0000000004617000 	/usr/lib/system/libsystem_platform.dylib
0x0000000004617000 	/usr/lib/system/libsystem_pthread.dylib
0x0000000004617000 	/usr/lib/system/libsystem_sandbox.dylib
0x0000000004617000 	/usr/lib/system/libsystem_secinit.dylib
0x0000000004617000 	/usr/lib/system/libsystem_stats.dylib
0x0000000004617000 	/usr/lib/system/libsystem_trace.dylib
0x0000000004617000 	/usr/lib/system/libunc.dylib
0x0000000004617000 	/usr/lib/system/libunwind.dylib
0x0000000004617000 	/usr/lib/system/libxpc.dylib
0x0000000004617000 	/usr/lib/libbz2.1.0.dylib
0x0000000004617000 	/usr/lib/liblzma.5.dylib
0x0000000004617000 	/usr/lib/libbsm.0.dylib
0x0000000004617000 	/usr/lib/libsqlite3.dylib
0x0000000004617000 	/usr/lib/system/libkxld.dylib
0x0000000004617000 	/usr/lib/libxar.1.dylib
0x0000000004617000 	/usr/lib/libpam.2.dylib
0x0000000004617000 	/usr/lib/libOpenScriptingUtil.dylib
0x0000000004617000 	/System/Library/Frameworks/CoreServices.framework/Versions/A/Frameworks/FSEvents.framework/Versions/A/FSEvents
0x0000000004617000 	/System/Library/Frameworks/CoreServices.framework/Versions/A/Frameworks/CarbonCore.framework/Versions/A/CarbonCore
0x0000000004617000 	/System/Library/Frameworks/CoreServices.framework/Versions/A/Frameworks/Metadata.framework/Versions/A/Metadata
0x0000000004617000 	/System/Library/Frameworks/CoreServices.framework/Versions/A/Frameworks/OSServices.framework/Versions/A/OSServices
0x0000000004617000 	/System/Library/Frameworks/CoreServices.framework/Versions/A/Frameworks/SearchKit.framework/Versions/A/SearchKit
0x0000000004617000 	/System/Library/Frameworks/CoreServices.framework/Versions/A/Frameworks/AE.framework/Versions/A/AE
0x0000000004617000 	/System/Library/Frameworks/CoreServices.framework/Versions/A/Frameworks/LaunchServices.framework/Versions/A/LaunchServices
0x0000000004617000 	/System/Library/Frameworks/CoreServices.framework/Versions/A/Frameworks/DictionaryServices.framework/Versions/A/DictionaryServices
0x0000000004617000 	/System/Library/Frameworks/NetFS.framework/Versions/A/NetFS
0x0000000004617000 	/System/Library/PrivateFrameworks/NetAuth.framework/Versions/A/NetAuth
0x0000000004617000 	/System/Library/PrivateFrameworks/login.framework/Versions/A/Frameworks/loginsupport.framework/Versions/A/loginsupport
0x0000000004617000 	/System/Library/PrivateFrameworks/TCC.framework/Versions/A/TCC
0x0000000004617000 	/usr/lib/libmecabra.dylib
0x0000000004617000 	/System/Library/Frameworks/ApplicationServices.framework/Versions/A/Frameworks/ATS.framework/Versions/A/ATS
0x0000000004617000 	/System/Library/Frameworks/ApplicationServices.framework/Versions/A/Frameworks/ColorSync.framework/Versions/A/ColorSync
0x0000000004617000 	/System/Library/Frameworks/ApplicationServices.framework/Versions/A/Frameworks/HIServices.framework/Versions/A/HIServices
0x0000000004617000 	/System/Library/Frameworks/ApplicationServices.framework/Versions/A/Frameworks/LangAnalysis.framework/Versions/A/LangAnalysis
0x0000000004617000 	/System/Library/Frameworks/ApplicationServices.framework/Versions/A/Frameworks/PrintCore.framework/Versions/A/PrintCore
0x0000000004617000 	/System/Library/Frameworks/ApplicationServices.framework/Versions/A/Frameworks/QD.framework/Versions/A/QD
0x0000000004617000 	/System/Library/Frameworks/ApplicationServices.framework/Versions/A/Frameworks/SpeechSynthesis.framework/Versions/A/SpeechSynthesis
0x0000000004617000 	/System/Library/Frameworks/Accelerate.framework/Versions/A/Accelerate
0x0000000004617000 	/System/Library/Frameworks/Accelerate.framework/Versions/A/Frameworks/vImage.framework/Versions/A/vImage
0x0000000004617000 	/System/Library/Frameworks/Accelerate.framework/Versions/A/Frameworks/vecLib.framework/Versions/A/vecLib
0x0000000004617000 	/System/Library/Frameworks/Accelerate.framework/Versions/A/Frameworks/vecLib.framework/Versions/A/libvDSP.dylib
0x0000000004617000 	/System/Library/Frameworks/Accelerate.framework/Versions/A/Frameworks/vecLib.framework/Versions/A/libvMisc.dylib
0x0000000004617000 	/System/Library/Frameworks/Accelerate.framework/Versions/A/Frameworks/vecLib.framework/Versions/A/libLAPACK.dylib
0x0000000004617000 	/System/Library/Frameworks/Accelerate.framework/Versions/A/Frameworks/vecLib.framework/Versions/A/libBLAS.dylib
0x0000000004617000 	/System/Library/Frameworks/Accelerate.framework/Versions/A/Frameworks/vecLib.framework/Versions/A/libLinearAlgebra.dylib
0x0000000004617000 	/System/Library/Frameworks/ApplicationServices.framework/Versions/A/Frameworks/ATS.framework/Versions/A/Resources/libFontParser.dylib
0x0000000004617000 	/System/Library/Frameworks/ApplicationServices.framework/Versions/A/Frameworks/ATS.framework/Versions/A/Resources/libFontRegistry.dylib
0x0000000004617000 	/System/Library/PrivateFrameworks/AppleVPA.framework/Versions/A/AppleVPA
0x0000000004617000 	/System/Library/PrivateFrameworks/AppleJPEG.framework/Versions/A/AppleJPEG
0x0000000004617000 	/System/Library/Frameworks/ImageIO.framework/Versions/A/Resources/libJPEG.dylib
0x0000000004617000 	/System/Library/Frameworks/ImageIO.framework/Versions/A/Resources/libTIFF.dylib
0x0000000004617000 	/System/Library/Frameworks/ImageIO.framework/Versions/A/Resources/libPng.dylib
0x0000000004617000 	/System/Library/Frameworks/ImageIO.framework/Versions/A/Resources/libGIF.dylib
0x0000000004617000 	/System/Library/Frameworks/ImageIO.framework/Versions/A/Resources/libJP2.dylib
0x0000000004617000 	/System/Library/Frameworks/ImageIO.framework/Versions/A/Resources/libRadiance.dylib
0x0000000004617000 	/System/Library/Frameworks/CoreVideo.framework/Versions/A/CoreVideo
0x0000000004617000 	/System/Library/Frameworks/OpenGL.framework/Versions/A/Libraries/libGLU.dylib
0x0000000004617000 	/System/Library/Frameworks/OpenGL.framework/Versions/A/Libraries/libGFXShared.dylib
0x0000000004617000 	/System/Library/Frameworks/OpenGL.framework/Versions/A/Libraries/libGL.dylib
0x0000000004617000 	/System/Library/Frameworks/OpenGL.framework/Versions/A/Libraries/libGLImage.dylib
0x0000000004617000 	/System/Library/Frameworks/OpenGL.framework/Versions/A/Libraries/libCVMSPluginSupport.dylib
0x0000000004617000 	/System/Library/Frameworks/OpenGL.framework/Versions/A/Libraries/libCoreVMClient.dylib
0x0000000004617000 	/usr/lib/libcups.2.dylib
0x0000000004617000 	/System/Library/Frameworks/Kerberos.framework/Versions/A/Kerberos
0x0000000004617000 	/System/Library/Frameworks/GSS.framework/Versions/A/GSS
0x0000000004617000 	/usr/lib/libresolv.9.dylib
0x0000000004617000 	/usr/lib/libiconv.2.dylib
0x0000000004617000 	/System/Library/PrivateFrameworks/Heimdal.framework/Versions/A/Heimdal
0x0000000004617000 	/usr/lib/libheimdal-asn1.dylib
0x0000000004617000 	/System/Library/Frameworks/OpenDirectory.framework/Versions/A/OpenDirectory
0x0000000004617000 	/System/Library/PrivateFrameworks/CommonAuth.framework/Versions/A/CommonAuth
0x0000000004617000 	/System/Library/Frameworks/OpenDirectory.framework/Versions/A/Frameworks/CFOpenDirectory.framework/Versions/A/CFOpenDirectory
0x0000000004617000 	/System/Library/Frameworks/SecurityFoundation.framework/Versions/A/SecurityFoundation
0x0000000004617000 	/System/Library/PrivateFrameworks/LanguageModeling.framework/Versions/A/LanguageModeling
0x0000000004617000 	/usr/lib/libcmph.dylib
0x0000000004617000 	/System/Library/Frameworks/ServiceManagement.framework/Versions/A/ServiceManagement
0x0000000004617000 	/usr/lib/libxslt.1.dylib
0x0000000004617000 	/System/Library/Frameworks/Carbon.framework/Versions/A/Frameworks/Ink.framework/Versions/A/Ink
0x0000000004617000 	/System/Library/Frameworks/QuartzCore.framework/Versions/A/Frameworks/CoreImage.framework/Versions/A/CoreImage
0x0000000004617000 	/System/Library/PrivateFrameworks/CrashReporterSupport.framework/Versions/A/CrashReporterSupport
0x0000000004617000 	/System/Library/Frameworks/OpenCL.framework/Versions/A/OpenCL
0x0000000004617000 	/System/Library/PrivateFrameworks/FaceCore.framework/Versions/A/FaceCore
0x0000000004617000 	/System/Library/PrivateFrameworks/Ubiquity.framework/Versions/A/Ubiquity
0x0000000004617000 	/System/Library/PrivateFrameworks/IconServices.framework/Versions/A/IconServices
0x0000000004617000 	/System/Library/PrivateFrameworks/ChunkingLibrary.framework/Versions/A/ChunkingLibrary
0x0000000004617000 	/System/Library/PrivateFrameworks/Apple80211.framework/Versions/A/Apple80211
0x0000000004617000 	/System/Library/Frameworks/CoreWLAN.framework/Versions/A/CoreWLAN
0x0000000004617000 	/System/Library/Frameworks/IOBluetooth.framework/Versions/A/IOBluetooth
0x0000000004617000 	/System/Library/PrivateFrameworks/CoreWiFi.framework/Versions/A/CoreWiFi
0x0000000004617000 	/System/Library/Frameworks/CoreBluetooth.framework/Versions/A/CoreBluetooth
0x0000000004617000 	/System/Library/PrivateFrameworks/DebugSymbols.framework/Versions/A/DebugSymbols
0x0000000004617000 	/System/Library/PrivateFrameworks/CoreSymbolication.framework/Versions/A/CoreSymbolication
0x0000000004617000 	/System/Library/PrivateFrameworks/Symbolication.framework/Versions/A/Symbolication
0x0000000004617000 	/System/Library/PrivateFrameworks/SpeechRecognitionCore.framework/Versions/A/SpeechRecognitionCore
0x0000000103400000 	/Library/Java/JavaVirtualMachines/jdk1.8.0_20.jdk/Contents/Home/jre/lib/server/libjvm.dylib
0x0000000004617000 	/usr/lib/libstdc++.6.dylib
0x00000001023cf000 	/Library/Java/JavaVirtualMachines/jdk1.8.0_20.jdk/Contents/Home/jre/lib/libverify.dylib
0x000000010431b000 	/Library/Java/JavaVirtualMachines/jdk1.8.0_20.jdk/Contents/Home/jre/lib/libjava.dylib
0x00000001023e7000 	/Library/Java/JavaVirtualMachines/jdk1.8.0_20.jdk/Contents/Home/jre/lib/libzip.dylib
0x000000011ff22000 	/System/Library/Frameworks/JavaVM.framework/Frameworks/JavaRuntimeSupport.framework/JavaRuntimeSupport
0x000000011ff38000 	/System/Library/Frameworks/JavaVM.framework/Versions/A/Frameworks/JavaNativeFoundation.framework/Versions/A/JavaNativeFoundation
0x00000001023f1000 	/System/Library/Frameworks/JavaVM.framework/Versions/A/JavaVM
0x0000000004617000 	/System/Library/Frameworks/Carbon.framework/Versions/A/Carbon
0x000000011ff4c000 	/System/Library/PrivateFrameworks/JavaLaunching.framework/Versions/A/JavaLaunching
0x0000000004617000 	/System/Library/Frameworks/Carbon.framework/Versions/A/Frameworks/CommonPanels.framework/Versions/A/CommonPanels
0x0000000004617000 	/System/Library/Frameworks/Carbon.framework/Versions/A/Frameworks/Help.framework/Versions/A/Help
0x0000000004617000 	/System/Library/Frameworks/Carbon.framework/Versions/A/Frameworks/ImageCapture.framework/Versions/A/ImageCapture
0x0000000004617000 	/System/Library/Frameworks/Carbon.framework/Versions/A/Frameworks/OpenScripting.framework/Versions/A/OpenScripting
0x0000000004617000 	/System/Library/Frameworks/Carbon.framework/Versions/A/Frameworks/Print.framework/Versions/A/Print
0x0000000004617000 	/System/Library/Frameworks/Carbon.framework/Versions/A/Frameworks/SecurityHI.framework/Versions/A/SecurityHI
0x0000000121fd5000 	/private/var/folders/8_/sqprw9_12jb38j2tknh7hsbr0000gp/T/libgdxROSY/ad4da71/libgdx64.dylib
0x0000000122022000 	/Library/Java/JavaVirtualMachines/jdk1.8.0_20.jdk/Contents/Home/jre/lib/libawt.dylib
0x00000001220d1000 	/Library/Java/JavaVirtualMachines/jdk1.8.0_20.jdk/Contents/Home/jre/lib/./libmlib_image.dylib
0x000000012219d000 	/Library/Java/JavaVirtualMachines/jdk1.8.0_20.jdk/Contents/Home/jre/lib/libawt_lwawt.dylib
0x0000000122250000 	/Library/Java/JavaVirtualMachines/jdk1.8.0_20.jdk/Contents/Home/jre/lib/./libosxapp.dylib
0x0000000004617000 	/System/Library/Frameworks/ExceptionHandling.framework/Versions/A/ExceptionHandling
0x0000000004617000 	/System/Library/PrivateFrameworks/CoreServicesInternal.framework/Versions/A/CoreServicesInternal
0x0000000004617000 	/System/Library/PrivateFrameworks/CloudDocs.framework/Versions/A/CloudDocs
0x0000000004617000 	/System/Library/PrivateFrameworks/CoreDuet.framework/Versions/A/CoreDuet
0x0000000004617000 	/System/Library/Frameworks/CloudKit.framework/Versions/A/CloudKit
0x0000000004617000 	/System/Library/PrivateFrameworks/ProtocolBuffer.framework/Versions/A/ProtocolBuffer
0x0000000004617000 	/System/Library/PrivateFrameworks/CoreDuetDaemonProtocol.framework/Versions/A/CoreDuetDaemonProtocol
0x0000000004617000 	/System/Library/PrivateFrameworks/CoreDuetDebugLogging.framework/Versions/A/CoreDuetDebugLogging
0x0000000004617000 	/System/Library/PrivateFrameworks/MMCS.framework/Versions/A/MMCS
0x0000000004617000 	/System/Library/Frameworks/CoreLocation.framework/Versions/A/CoreLocation
0x0000000004617000 	/System/Library/PrivateFrameworks/ProtectedCloudStorage.framework/Versions/A/ProtectedCloudStorage
0x0000000004617000 	/System/Library/PrivateFrameworks/GeoServices.framework/Versions/A/GeoServices
0x0000000004617000 	/System/Library/Frameworks/CoreGraphics.framework/Versions/A/Resources/libCGCMS.A.dylib
0x0000000004617000 	/System/Library/Frameworks/CoreGraphics.framework/Versions/A/Resources/libRIP.A.dylib
0x0000000004617000 	/System/Library/Frameworks/CoreGraphics.framework/Versions/A/Resources/libCGXType.A.dylib
0x0000000004617000 	/System/Library/Frameworks/OpenCL.framework/Versions/A/Libraries/libcldcpuengine.dylib
0x0000000004617000 	/System/Library/PrivateFrameworks/DiskImages.framework/Versions/A/DiskImages
0x0000000004617000 	/System/Library/Frameworks/DiscRecording.framework/Versions/A/DiscRecording
0x0000000004617000 	/usr/lib/libcsfde.dylib
0x0000000004617000 	/usr/lib/libcurl.4.dylib
0x0000000004617000 	/System/Library/PrivateFrameworks/MediaKit.framework/Versions/A/MediaKit
0x0000000004617000 	/usr/lib/libCoreStorage.dylib
0x0000000004617000 	/System/Library/PrivateFrameworks/EFILogin.framework/Versions/A/EFILogin
0x0000000004617000 	/usr/lib/libutil.dylib
0x0000000004617000 	/System/Library/PrivateFrameworks/FindMyDevice.framework/Versions/A/FindMyDevice
0x0000000004617000 	/System/Library/Frameworks/LDAP.framework/Versions/A/LDAP
0x0000000004617000 	/usr/lib/libsasl2.2.dylib
0x0000000004617000 	/System/Library/PrivateFrameworks/CoreDaemon.framework/Versions/B/CoreDaemon
0x0000000004617000 	/usr/lib/libcrypto.0.9.8.dylib
0x0000000004617000 	/System/Library/PrivateFrameworks/AppleSRP.framework/Versions/A/AppleSRP
0x0000000004617000 	/System/Library/PrivateFrameworks/TrustEvaluationAgent.framework/Versions/A/TrustEvaluationAgent
0x0000000125442000 	cl_kernels
0x0000000125444000 	/System/Library/Frameworks/OpenCL.framework/Versions/A/Libraries/ImageFormats/unorm8_bgra.dylib
0x0000000125434000 	cl_kernels
0x0000000004617000 	/System/Library/PrivateFrameworks/FamilyControls.framework/Versions/A/FamilyControls
0x0000000004617000 	/System/Library/PrivateFrameworks/CommerceKit.framework/Versions/A/Frameworks/CommerceCore.framework/Versions/A/CommerceCore
0x0000000004617000 	/System/Library/PrivateFrameworks/SystemAdministration.framework/Versions/A/SystemAdministration
0x0000000004617000 	/System/Library/PrivateFrameworks/AppContainer.framework/Versions/A/AppContainer
0x0000000004617000 	/System/Library/PrivateFrameworks/SecCodeWrapper.framework/Versions/A/SecCodeWrapper
0x0000000004617000 	/System/Library/Frameworks/DirectoryService.framework/Versions/A/DirectoryService
0x0000000004617000 	/System/Library/PrivateFrameworks/LoginUIKit.framework/Versions/A/Frameworks/LoginUICore.framework/Versions/A/LoginUICore
0x0000000004617000 	/usr/lib/libodfde.dylib
0x000000012686c000 	/Library/Java/JavaVirtualMachines/jdk1.8.0_20.jdk/Contents/Home/jre/lib/libfontmanager.dylib
0x00000001268d2000 	/private/var/folders/8_/sqprw9_12jb38j2tknh7hsbr0000gp/T/libgdxROSY/f7649394/liblwjgl.dylib
0x00000001248a4000 	/Library/Java/JavaVirtualMachines/jdk1.8.0_20.jdk/Contents/Home/jre/lib/libjawt.dylib
0x0000000126954000 	/var/folders/8_/sqprw9_12jb38j2tknh7hsbr0000gp/T/libgdxROSY/f7649394/openal.dylib
0x00000001269c3000 	/System/Library/Components/CoreAudio.component/Contents/MacOS/CoreAudio
0x00000001248bc000 	/System/Library/Extensions/AppleHDA.kext/Contents/PlugIns/AppleHDAHALPlugIn.bundle/Contents/MacOS/AppleHDAHALPlugIn
0x0000000004617000 	/System/Library/Frameworks/OpenGL.framework/Versions/A/Resources/GLEngine.bundle/GLEngine
0x0000000004617000 	/System/Library/Frameworks/OpenGL.framework/Versions/A/Libraries/libGLProgrammability.dylib
0x0000000126e37000 	/System/Library/Extensions/AppleIntelHD5000GraphicsGLDriver.bundle/Contents/MacOS/AppleIntelHD5000GraphicsGLDriver
0x0000000004617000 	/System/Library/PrivateFrameworks/IOAccelerator.framework/Versions/A/IOAccelerator
0x0000000004617000 	/System/Library/PrivateFrameworks/GPUSupport.framework/Versions/A/Libraries/libGPUSupportMercury.dylib
0x0000000000000000 	/System/Library/Extensions/GeForceGLDriver.bundle/Contents/MacOS/GeForceGLDriver
0x0000000004617000 	/System/Library/Extensions/GeForceGLDriver.bundle/Contents/MacOS/libclh.dylib
0x0000000004617000 	/System/Library/Frameworks/OpenGL.framework/Versions/A/Resources/GLRendererFloat.bundle/GLRendererFloat
0x00000001295ee000 	/private/var/folders/8_/sqprw9_12jb38j2tknh7hsbr0000gp/T/libgdxROSY/829212b4/libgdx-box2d64.dylib

VM Arguments:
jvm_args: -Dfile.encoding=UTF-8 -Duser.country=US -Duser.language=en -Duser.variant 
java_command: com.mygdx.game.desktop.DesktopLauncher
java_class_path (initial): /Users/ROSY/Documents/CEGEP/TheRacingGame/desktop/build/classes/main:/Users/ROSY/Documents/CEGEP/TheRacingGame/desktop/build/resources/main:/Users/ROSY/Documents/CEGEP/TheRacingGame/core/build/libs/core-1.0.jar:/Users/ROSY/.gradle/caches/modules-2/files-2.1/com.badlogicgames.gdx/gdx-backend-lwjgl/1.9.1/44e1e89d95df3f095bc0da62688f28f622f52c10/gdx-backend-lwjgl-1.9.1.jar:/Users/ROSY/.gradle/caches/modules-2/files-2.1/com.badlogicgames.gdx/gdx-platform/1.9.1/884d35692d1008feb2639dfceb6bb4cddaa28565/gdx-platform-1.9.1-natives-desktop.jar:/Users/ROSY/.gradle/caches/modules-2/files-2.1/com.badlogicgames.gdx/gdx-box2d-platform/1.9.1/f20f0f3fbc65d2d4da1147d7e0e6564e05d8b7d9/gdx-box2d-platform-1.9.1-natives-desktop.jar:/Users/ROSY/.gradle/caches/modules-2/files-2.1/com.badlogicgames.gdx/gdx-bullet-platform/1.9.1/b788acfc95e0500b6fc5a608b15b93f2db88ce8b/gdx-bullet-platform-1.9.1-natives-desktop.jar:/Users/ROSY/.gradle/caches/modules-2/files-2.1/com.badlogicgames.gdx/gdx-freetype-platform/1.9.1/e6db581a3ea5e83c5d30e1688896f137b1e58f9c/gdx-freetype-platform-1.9.1-natives-desktop.jar:/Users/ROSY/.gradle/caches/modules-2/files-2.1/com.badlogicgames.gdx/gdx-tools/1.9.1/c4f70019c42bfe98fcd037071555b9e3469a1761/gdx-tools-1.9.1.jar:/Users/ROSY/.gradle/caches/modules-2/files-2.1/com.badlogicgames.gdx/gdx-controllers-desktop/1.9.1/dacd1e2e53155a66c439c9e67efd1017998d173/gdx-controllers-desktop-1.9.1.jar:/Users/ROSY/.gradle/caches/modules-2/files-2.1/com.badlogicgames.gdx/gdx-controllers-platform/1.9.1/2e525f2e8f91204ce6c84bd249d95496e2080546/gdx-controllers-platform-1.9.1-natives-desktop.jar:/Users/ROSY/.gradle/caches/modules-2/files-2.1/com.badlogicgames.gdx/gdx/1.9.1/41e844a4849872fdb9c33f3f2790e356f907f491/gdx-1.9.1.jar:/Users/ROSY/.gradle/caches/modules-2/files-2.1/com.badlogicgames.gdx/gdx-box2d/1.9.1/efc80b7e8a239404fdcb9816c9d3bad168e148c2/gdx-box2d-1.9.1.jar:/Users/ROSY/.gradle/caches/modules-2/files-2.1/com.badlogicgames.gdx/gdx-bullet/1.9.1/d7829
Launcher Type: SUN_STANDARD

Environment Variables:
PATH=/usr/bin:/bin:/usr/sbin:/sbin
LD_LIBRARY_PATH=/Library/Java/JavaVirtualMachines/jdk1.8.0_20.jdk/Contents/Home/jre/lib/amd64:/Library/Java/JavaVirtualMachines/jdk1.8.0_20.jdk/Contents/Home/jre/lib/i386:
SHELL=/bin/bash
DYLD_LIBRARY_PATH=/Applications/NetBeans/NetBeans 8.0.app/Contents/Resources/NetBeans/webcommon/bin:

Signal Handlers:
SIGSEGV: [libjvm.dylib+0x578fd7], sa_mask[0]=11111111011111110111111111111111, sa_flags=SA_ONSTACK|SA_RESTART|SA_SIGINFO
SIGBUS: [libjvm.dylib+0x578fd7], sa_mask[0]=11111111011111110111111111111111, sa_flags=SA_RESTART|SA_SIGINFO
SIGFPE: [libjvm.dylib+0x45ab0c], sa_mask[0]=11111111011111110111111111111111, sa_flags=SA_RESTART|SA_SIGINFO
SIGPIPE: [libjvm.dylib+0x45ab0c], sa_mask[0]=11111111011111110111111111111111, sa_flags=SA_RESTART|SA_SIGINFO
SIGXFSZ: [libjvm.dylib+0x45ab0c], sa_mask[0]=11111111011111110111111111111111, sa_flags=SA_RESTART|SA_SIGINFO
SIGILL: [libjvm.dylib+0x45ab0c], sa_mask[0]=11111111011111110111111111111111, sa_flags=SA_RESTART|SA_SIGINFO
SIGUSR1: SIG_DFL, sa_mask[0]=00000000000000000000000000000000, sa_flags=none
SIGUSR2: [libjvm.dylib+0x45a62a], sa_mask[0]=00100000000000000000000000000000, sa_flags=SA_RESTART|SA_SIGINFO
SIGHUP: [libjvm.dylib+0x458bfd], sa_mask[0]=11111111011111110111111111111111, sa_flags=SA_RESTART|SA_SIGINFO
SIGINT: SIG_IGN, sa_mask[0]=00000000000000000000000000000000, sa_flags=none
SIGTERM: [libjvm.dylib+0x458bfd], sa_mask[0]=11111111011111110111111111111111, sa_flags=SA_RESTART|SA_SIGINFO
SIGQUIT: [libjvm.dylib+0x458bfd], sa_mask[0]=11111111011111110111111111111111, sa_flags=SA_RESTART|SA_SIGINFO


---------------  S Y S T E M  ---------------

OS:Bsduname:Darwin 14.5.0 Darwin Kernel Version 14.5.0: Wed Jul 29 02:26:53 PDT 2015; root:xnu-2782.40.9~1/RELEASE_X86_64 x86_64
rlimit: STACK 8192k, CORE 0k, NPROC 709, NOFILE 10240, AS infinity
load average:1.64 1.56 1.53

CPU:total 8 (4 cores per cpu, 2 threads per core) family 6 model 70 stepping 1, cmov, cx8, fxsr, mmx, sse, sse2, sse3, ssse3, sse4.1, sse4.2, popcnt, avx, avx2, aes, clmul, erms, rtm, lzcnt, ht, tsc, tscinvbit, bmi1, bmi2

Memory: 4k page, physical 16777216k(3370668k free)

/proc/meminfo:


vm_info: Java HotSpot(TM) 64-Bit Server VM (25.20-b23) for bsd-amd64 JRE (1.8.0_20-b26), built on Jul 30 2014 13:37:47 by "java_re" with gcc 4.2.1 (Based on Apple Inc. build 5658) (LLVM build 2336.9.00)

time: Fri Apr  1 13:38:51 2016
elapsed time: 23 seconds (0d 0h 0m 23s)

